<?xml version="1.0" encoding="UTF-8"?>
<!-- Generated by org.testng.reporters.JUnitReportReporter -->
<testsuite skipped="0" hostname="ASDA1713PO02529" name="com.test.Example.AppTest" tests="2" failures="0" timestamp="13 Mar 2019 06:44:35 GMT" time="0.281" errors="0">
  <testcase name="GridPassTest" time="0.176" classname="com.test.Example.AppTest"/>
  <testcase name="GridErrorTest" time="0.105" classname="com.test.Example.AppTest"/>
</testsuite> <!-- com.test.Example.AppTest -->
