<?xml version="1.0" encoding="UTF-8"?>
<!-- Generated by org.testng.reporters.JUnitReportReporter -->
<testsuite skipped="0" hostname="ASDA1713PO02529" name="com.test.Example.App" tests="1" failures="0" timestamp="04 Apr 2019 10:14:00 GMT" time="0.010" errors="0">
  <testcase name="DOISize" time="0.010" classname="com.test.Example.App"/>
</testsuite> <!-- com.test.Example.App -->
