<?xml version="1.0" encoding="UTF-8"?>
<!-- Generated by org.testng.reporters.JUnitReportReporter -->
<testsuite skipped="0" hostname="ASDA1713PO02529" name="com.test.Example.DifferentDOIs" tests="1" failures="0" timestamp="05 Apr 2019 10:23:44 GMT" time="1.958" errors="0">
  <testcase name="DOIDifference" time="1.958" classname="com.test.Example.DifferentDOIs"/>
</testsuite> <!-- com.test.Example.DifferentDOIs -->
