<?xml version="1.0" encoding="UTF-8"?>
<!-- Generated by org.testng.reporters.JUnitReportReporter -->
<testsuite hostname="ASDA1713PO02529" name="com.qait.acs.tests.issue" tests="1" failures="0" timestamp="8 Mar 2019 07:54:41 GMT" time="518.385" errors="0">
  <testcase name="Step29_AJ_29_Verify_Functionality_Of_Elements_On_Article_Landing_Page" time="518.385" classname="com.qait.acs.tests.issue"/>
</testsuite> <!-- com.qait.acs.tests.issue -->
