<?xml version="1.0" encoding="UTF-8"?>
<!-- Generated by org.testng.reporters.JUnitReportReporter -->
<testsuite skipped="0" hostname="ASDA1713PO02529" name="com.doi.References.AppTest" tests="1" failures="0" timestamp="07 Mar 2019 10:41:50 GMT" time="27.204" errors="0">
  <testcase name="references" time="27.204" classname="com.doi.References.AppTest"/>
</testsuite> <!-- com.doi.References.AppTest -->
