<?xml version="1.0" encoding="UTF-8"?>
<!-- Generated by org.testng.reporters.JUnitReportReporter -->
<testsuite skipped="0" hostname="ASDA1713PO02529" name="com.DOI.ASAP.AppTest" tests="1" failures="0" timestamp="05 Apr 2019 06:02:32 GMT" time="0.011" errors="0">
  <testcase name="file" time="0.011" classname="com.DOI.ASAP.AppTest"/>
</testsuite> <!-- com.DOI.ASAP.AppTest -->
