<?xml version="1.0" encoding="UTF-8"?>
<!-- Generated by org.testng.reporters.JUnitReportReporter -->
<testsuite skipped="0" hostname="ASDA1713PO02529" name="Test.TestTatoc" tests="5" failures="0" timestamp="13 Mar 2019 11:15:11 GMT" time="4.240" errors="0">
  <testcase name="Grid" time="0.307" classname="Test.TestTatoc"/>
  <testcase name="Frame" time="1.763" classname="Test.TestTatoc"/>
  <testcase name="DragDrop" time="0.440" classname="Test.TestTatoc"/>
  <testcase name="WindowPopup" time="1.221" classname="Test.TestTatoc"/>
  <testcase name="CookieHandling" time="0.509" classname="Test.TestTatoc"/>
</testsuite> <!-- Test.TestTatoc -->
