<?xml version="1.0" encoding="UTF-8"?>
<!-- Generated by org.testng.reporters.JUnitReportReporter -->
<testsuite skipped="0" hostname="ASDA1713PO02529" name="JavaScript.Test.TestTatoc" tests="5" failures="0" timestamp="13 Mar 2019 11:15:11 GMT" time="2.955" errors="0">
  <testcase name="Grid" time="0.196" classname="JavaScript.Test.TestTatoc"/>
  <testcase name="Frame" time="1.510" classname="JavaScript.Test.TestTatoc"/>
  <testcase name="DragDrop" time="0.274" classname="JavaScript.Test.TestTatoc"/>
  <testcase name="WindowPopup" time="0.637" classname="JavaScript.Test.TestTatoc"/>
  <testcase name="CookieHandling" time="0.338" classname="JavaScript.Test.TestTatoc"/>
</testsuite> <!-- JavaScript.Test.TestTatoc -->
