<?xml version="1.0" encoding="UTF-8"?>
<!-- Generated by org.testng.reporters.JUnitReportReporter -->
<testsuite skipped="0" hostname="ASDA1713PO02529" name="Test.TestTatoc" tests="1" failures="0" timestamp="13 Mar 2019 11:50:27 GMT" time="0.243" errors="0">
  <testcase name="Grid" time="0.243" classname="Test.TestTatoc"/>
</testsuite> <!-- Test.TestTatoc -->
