<?xml version="1.0" encoding="UTF-8"?>
<!-- Generated by org.testng.reporters.JUnitReportReporter -->
<testsuite skipped="0" hostname="ASDA1713PO02529" name="JavaScript.Test.TestTatoc" tests="5" failures="0" timestamp="06 Mar 2019 09:14:11 GMT" time="1.790" errors="0">
  <testcase name="Grid" time="0.166" classname="JavaScript.Test.TestTatoc"/>
  <testcase name="Frame" time="0.735" classname="JavaScript.Test.TestTatoc"/>
  <testcase name="DragDrop" time="0.210" classname="JavaScript.Test.TestTatoc"/>
  <testcase name="WindowPopup" time="0.459" classname="JavaScript.Test.TestTatoc"/>
  <testcase name="CookieHandling" time="0.220" classname="JavaScript.Test.TestTatoc"/>
</testsuite> <!-- JavaScript.Test.TestTatoc -->
