<?xml version="1.0" encoding="UTF-8"?>
<!-- Generated by org.testng.reporters.JUnitReportReporter -->
<testsuite skipped="0" hostname="ASDA1713PO02529" name="Test.TatocPages" tests="6" failures="0" timestamp="06 Mar 2019 09:51:42 GMT" time="0.258" errors="0">
  <testcase name="setup" time="0.046" classname="Test.TatocPages"/>
  <testcase name="setup" time="0.047" classname="Test.TatocPages"/>
  <testcase name="setup" time="0.041" classname="Test.TatocPages"/>
  <testcase name="setup" time="0.037" classname="Test.TatocPages"/>
  <testcase name="setup" time="0.045" classname="Test.TatocPages"/>
  <testcase name="setup" time="0.042" classname="Test.TatocPages"/>
</testsuite> <!-- Test.TatocPages -->
