<?xml version="1.0" encoding="UTF-8"?>
<!-- Generated by org.testng.reporters.JUnitReportReporter -->
<testsuite skipped="0" hostname="ASDA1713PO02529" name="Test.TestTatoc" tests="5" failures="0" timestamp="13 Mar 2019 09:20:56 GMT" time="4.725" errors="0">
  <testcase name="Grid" time="0.286" classname="Test.TestTatoc"/>
  <testcase name="Frame" time="2.650" classname="Test.TestTatoc"/>
  <testcase name="DragDrop" time="0.371" classname="Test.TestTatoc"/>
  <testcase name="WindowPopup" time="0.925" classname="Test.TestTatoc"/>
  <testcase name="CookieHandling" time="0.493" classname="Test.TestTatoc"/>
</testsuite> <!-- Test.TestTatoc -->
